<?xml version="1.0" encoding="UTF-8"?>
<!-- Generated by org.testng.reporters.JUnitReportReporter -->
<testsuite hostname="Mada" failures="0" tests="4" name="tests.LoginPageTest" time="4.123" errors="0" timestamp="2022-09-09T17:20:25 EET" skipped="0">
  <testcase classname="tests.LoginPageTest" name="UserCanLogin" time="0.037"/>
  <system-out/>
  <testcase classname="tests.LoginPageTest" name="openUserLoginPage" time="2.039"/>
  <system-out/>
  <testcase classname="tests.LoginPageTest" name="InsertEmail" time="1.830"/>
  <system-out/>
  <testcase classname="tests.LoginPageTest" name="insertPassword" time="0.217"/>
  <system-out/>
</testsuite> <!-- tests.LoginPageTest -->
