<?xml version="1.0" encoding="UTF-8"?>
<!-- Generated by org.testng.reporters.JUnitReportReporter -->
<testsuite hostname="Mada" failures="0" tests="1" name="tests.UserRegisterTest" time="2.516" errors="0" timestamp="2022-09-09T00:31:00 EET" skipped="0">
  <testcase classname="tests.UserRegisterTest" name="UserCanRegister" time="2.516"/>
  <system-out/>
</testsuite> <!-- tests.UserRegisterTest -->
