<?xml version="1.0" encoding="UTF-8"?>
<!-- Generated by org.testng.reporters.JUnitReportReporter -->
<testsuite hostname="Mada" failures="0" tests="2" name="tests.NavtoRegisterPageAndRegisterTest" time="4.746" errors="0" timestamp="2022-09-09T01:10:35 EET" skipped="0">
  <testcase classname="tests.NavtoRegisterPageAndRegisterTest" name="userCanNavigatetoRegistrationPage" time="2.423"/>
  <system-out/>
  <testcase classname="tests.NavtoRegisterPageAndRegisterTest" name="UserCanRegister" time="2.323"/>
  <system-out/>
</testsuite> <!-- tests.NavtoRegisterPageAndRegisterTest -->
