<?xml version="1.0" encoding="UTF-8"?>
<!-- Generated by org.testng.reporters.JUnitReportReporter -->
<testsuite hostname="Mada" failures="0" tests="5" name="tests.SearchForProductTest" time="35.304" errors="0" timestamp="2022-09-09T17:57:26 EET" skipped="0">
  <testcase classname="tests.SearchForProductTest" name="openUserLoginPage" time="3.780"/>
  <system-out/>
  <testcase classname="tests.SearchForProductTest" name="InsertEmail" time="4.642"/>
  <system-out/>
  <testcase classname="tests.SearchForProductTest" name="insertPassword" time="0.189"/>
  <system-out/>
  <testcase classname="tests.SearchForProductTest" name="Search" time="11.429"/>
  <system-out/>
  <testcase classname="tests.SearchForProductTest" name="selectFirstProduct" time="15.264"/>
  <system-out/>
</testsuite> <!-- tests.SearchForProductTest -->
